<?xml version="1.0" encoding="UTF-8"?>
<testsuite name="youtube.builders.nivel0.PersonaTest" tests="3" skipped="0" failures="0" errors="0" timestamp="2025-08-06T05:53:25.680Z" hostname="Fernandos-MacBook-Pro.local" time="0.005">
  <properties/>
  <testcase name="should_allow_mutation_when_changing_person_attributes()" classname="youtube.builders.nivel0.PersonaTest" time="0.002"/>
  <testcase name="should_create_person_with_correct_attributes_when_setting_first_last_name_and_phone()" classname="youtube.builders.nivel0.PersonaTest" time="0.001"/>
  <testcase name="should_create_person_with_null_attributes_when_using_default_constructor()" classname="youtube.builders.nivel0.PersonaTest" time="0.001"/>
  <system-out><![CDATA[]]></system-out>
  <system-err><![CDATA[]]></system-err>
</testsuite>
