<?xml version="1.0" encoding="UTF-8"?>
<testsuite name="youtube.builders.oscuro2.PersonaTest" tests="2" skipped="0" failures="0" errors="0" timestamp="2025-08-06T05:53:25.713Z" hostname="Fernandos-MacBook-Pro.local" time="0.004">
  <properties/>
  <testcase name="should_create_person_with_correct_attributes_when_using_builder_with_name_and_phone()" classname="youtube.builders.oscuro2.PersonaTest" time="0.002"/>
  <testcase name="should_create_person_with_email_when_using_builder_with_only_email()" classname="youtube.builders.oscuro2.PersonaTest" time="0.001"/>
  <system-out><![CDATA[]]></system-out>
  <system-err><![CDATA[]]></system-err>
</testsuite>
