<?xml version="1.0" encoding="UTF-8"?>
<testsuite name="youtube.builders.nivel2.PersonaTest" tests="3" skipped="0" failures="0" errors="0" timestamp="2025-08-06T05:53:25.695Z" hostname="Fernandos-MacBook-Pro.local" time="0.007">
  <properties/>
  <testcase name="should_throw_exception_when_building_person_without_first_name()" classname="youtube.builders.nivel2.PersonaTest" time="0.003"/>
  <testcase name="should_throw_exception_when_building_person_without_last_name()" classname="youtube.builders.nivel2.PersonaTest" time="0.001"/>
  <testcase name="should_create_valid_person_when_using_builder_with_required_fields()" classname="youtube.builders.nivel2.PersonaTest" time="0.001"/>
  <system-out><![CDATA[]]></system-out>
  <system-err><![CDATA[]]></system-err>
</testsuite>
